This file contains any messages produced by compilers while
running configure, to aid debugging if configure makes a mistake.

It was created by libgpg-error configure 1.11, which was
generated by GNU Autoconf 2.69.  Invocation command line was

  $ ./configure CC=/home/manuel/lib/emscripten/emcc CFLAGS= --no-create --no-recursion

## --------- ##
## Platform. ##
## --------- ##

hostname = canttouchthis
uname -m = i686
uname -r = 3.8.0-19-generic
uname -s = Linux
uname -v = #30-Ubuntu SMP Wed May 1 16:36:13 UTC 2013

/usr/bin/uname -p = unknown
/bin/uname -X     = unknown

/bin/arch              = unknown
/usr/bin/arch -k       = unknown
/usr/convex/getsysinfo = unknown
/usr/bin/hostinfo      = unknown
/bin/machine           = unknown
/usr/bin/oslevel       = unknown
/bin/universe          = unknown

PATH: /home/manuel/lib/clang+llvm-3.2-x86-linux-ubuntu-12.04/bin
PATH: /home/manuel/lib/emscripten/
PATH: /var/lib/gems/1.8/bin
PATH: /home/manuel/bin
PATH: /usr/lib/lightdm/lightdm
PATH: /usr/local/sbin
PATH: /usr/local/bin
PATH: /usr/sbin
PATH: /usr/bin
PATH: /sbin
PATH: /bin
PATH: /usr/games
PATH: /usr/local/games


## ----------- ##
## Core tests. ##
## ----------- ##

configure:2368: checking for a BSD-compatible install
configure:2436: result: /usr/bin/install -c
configure:2447: checking whether build environment is sane
configure:2497: result: yes
configure:2638: checking for a thread-safe mkdir -p
configure:2677: result: /bin/mkdir -p
configure:2690: checking for gawk
configure:2720: result: no
configure:2690: checking for mawk
configure:2706: found /usr/bin/mawk
configure:2717: result: mawk
configure:2728: checking whether make sets $(MAKE)
configure:2750: result: yes
configure:2831: checking whether to enable maintainer-specific portions of Makefiles
configure:2840: result: no
configure:2864: checking build system type
configure:2878: result: i686-pc-linux-gnu
configure:2898: checking host system type
configure:2911: result: i686-pc-linux-gnu
configure:2935: autobuild project... libgpg-error
configure:2937: autobuild revision... 1.11
configure:2941: autobuild hostname... canttouchthis
configure:2950: autobuild timestamp... 20130510-163400
configure:3004: checking for gcc
configure:3031: result: /home/manuel/lib/emscripten/emcc
configure:3260: checking for C compiler version
configure:3269: /home/manuel/lib/emscripten/emcc --version >&5
emcc (Emscripten GCC-like replacement) 1.4.3 (commit 586a40f5195d6b873bc644d01c0e812acb293033)
Copyright (C) 2013 the Emscripten authors (see AUTHORS.txt)
This is free and open source software under the MIT license.
There is NO warranty; not even for MERCHANTABILITY or FITNESS FOR A PARTICULAR PURPOSE.
  
configure:3280: $? = 0
configure:3269: /home/manuel/lib/emscripten/emcc -v >&5
emcc (Emscripten GCC-like replacement + linker emulating GNU ld ) 2.0
clang version 3.2 (tags/RELEASE_32/final)
Target: i386-pc-linux-gnu
Thread model: posix
configure:3280: $? = 0
configure:3269: /home/manuel/lib/emscripten/emcc -V >&5
ERROR    emcc: [31mno input files
note that input files without a known suffix are ignored, make sure your input files end with one of: ('.c', '.cpp', '.cxx', '.cc', '.bc', '.o', '.obj', '.dylib', '.so', '.dll', '.a', '.ll')[0m
configure:3280: $? = 0
configure:3269: /home/manuel/lib/emscripten/emcc -qversion >&5
ERROR    emcc: [31mno input files
note that input files without a known suffix are ignored, make sure your input files end with one of: ('.c', '.cpp', '.cxx', '.cc', '.bc', '.o', '.obj', '.dylib', '.so', '.dll', '.a', '.ll')[0m
configure:3280: $? = 0
configure:3300: checking whether the C compiler works
configure:3322: /home/manuel/lib/emscripten/emcc    conftest.c  >&5
clang: warning: argument unused during compilation: '-nostdinc++'
configure:3326: $? = 0
configure:3374: result: yes
configure:3377: checking for C compiler default output file name
configure:3379: result: a.out
configure:3385: checking for suffix of executables
configure:3392: /home/manuel/lib/emscripten/emcc -o conftest    conftest.c  >&5
clang: warning: argument unused during compilation: '-nostdinc++'
configure:3396: $? = 0
configure:3418: result: 
configure:3440: checking whether we are cross compiling
configure:3448: /home/manuel/lib/emscripten/emcc -o conftest    conftest.c  >&5
clang: warning: argument unused during compilation: '-nostdinc++'
configure:3452: $? = 0
configure:3459: ./conftest
configure:3463: $? = 0
configure:3478: result: no
configure:3483: checking for suffix of object files
configure:3505: /home/manuel/lib/emscripten/emcc -c   conftest.c >&5
clang: warning: argument unused during compilation: '-nostdinc++'
configure:3509: $? = 0
configure:3530: result: o
configure:3534: checking whether we are using the GNU C compiler
configure:3553: /home/manuel/lib/emscripten/emcc -c   conftest.c >&5
clang: warning: argument unused during compilation: '-nostdinc++'
configure:3553: $? = 0
configure:3562: result: yes
configure:3571: checking whether /home/manuel/lib/emscripten/emcc accepts -g
configure:3591: /home/manuel/lib/emscripten/emcc -c -g  conftest.c >&5
clang: warning: argument unused during compilation: '-nostdinc++'
configure:3591: $? = 0
configure: failed program was:
| /* confdefs.h */
| #define PACKAGE_NAME "libgpg-error"
| #define PACKAGE_TARNAME "libgpg-error"
| #define PACKAGE_VERSION "1.11"
| #define PACKAGE_STRING "libgpg-error 1.11"
| #define PACKAGE_BUGREPORT "http://bugs.gnupg.org"
| #define PACKAGE_URL ""
| #define PACKAGE "libgpg-error"
| #define VERSION "1.11"
| /* end confdefs.h.  */
| 
| int
| main ()
| {
| 
|   ;
|   return 0;
| }
configure:3606: /home/manuel/lib/emscripten/emcc -c   conftest.c >&5
clang: warning: argument unused during compilation: '-nostdinc++'
configure:3606: $? = 0
configure: failed program was:
| /* confdefs.h */
| #define PACKAGE_NAME "libgpg-error"
| #define PACKAGE_TARNAME "libgpg-error"
| #define PACKAGE_VERSION "1.11"
| #define PACKAGE_STRING "libgpg-error 1.11"
| #define PACKAGE_BUGREPORT "http://bugs.gnupg.org"
| #define PACKAGE_URL ""
| #define PACKAGE "libgpg-error"
| #define VERSION "1.11"
| /* end confdefs.h.  */
| 
| int
| main ()
| {
| 
|   ;
|   return 0;
| }
configure:3622: /home/manuel/lib/emscripten/emcc -c -g  conftest.c >&5
clang: warning: argument unused during compilation: '-nostdinc++'
configure:3622: $? = 0
configure:3632: result: yes
configure:3649: checking for /home/manuel/lib/emscripten/emcc option to accept ISO C89
configure:3712: /home/manuel/lib/emscripten/emcc  -c   conftest.c >&5
clang: warning: argument unused during compilation: '-nostdinc++'
configure:3712: $? = 0
configure:3725: result: none needed
configure:3756: checking for style of include used by make
configure:3784: result: GNU
configure:3810: checking dependency style of /home/manuel/lib/emscripten/emcc
configure:3921: result: gcc3
configure:3937: checking whether /home/manuel/lib/emscripten/emcc and cc understand -c and -o together
configure:3968: /home/manuel/lib/emscripten/emcc -c conftest.c -o conftest2.o >&5
clang: warning: argument unused during compilation: '-nostdinc++'
configure:3972: $? = 0
configure:3978: /home/manuel/lib/emscripten/emcc -c conftest.c -o conftest2.o >&5
clang: warning: argument unused during compilation: '-nostdinc++'
configure:3982: $? = 0
configure:3993: cc -c conftest.c >&5
configure:3997: $? = 0
configure:4005: cc -c conftest.c -o conftest2.o >&5
configure:4009: $? = 0
configure:4015: cc -c conftest.c -o conftest2.o >&5
configure:4019: $? = 0
configure:4037: result: yes
configure:4067: checking how to run the C preprocessor
configure:4098: /home/manuel/lib/emscripten/emcc -E  conftest.c
clang: warning: argument unused during compilation: '-nostdinc++'
configure:4098: $? = 0
configure:4112: /home/manuel/lib/emscripten/emcc -E  conftest.c
clang: warning: argument unused during compilation: '-nostdinc++'
conftest.c:11:10: fatal error: 'ac_nonexistent.h' file not found
#include <ac_nonexistent.h>
         ^
1 error generated.
configure:4112: $? = 1
configure: failed program was:
| /* confdefs.h */
| #define PACKAGE_NAME "libgpg-error"
| #define PACKAGE_TARNAME "libgpg-error"
| #define PACKAGE_VERSION "1.11"
| #define PACKAGE_STRING "libgpg-error 1.11"
| #define PACKAGE_BUGREPORT "http://bugs.gnupg.org"
| #define PACKAGE_URL ""
| #define PACKAGE "libgpg-error"
| #define VERSION "1.11"
| /* end confdefs.h.  */
| #include <ac_nonexistent.h>
configure:4137: result: /home/manuel/lib/emscripten/emcc -E
configure:4157: /home/manuel/lib/emscripten/emcc -E  conftest.c
clang: warning: argument unused during compilation: '-nostdinc++'
configure:4157: $? = 0
configure:4171: /home/manuel/lib/emscripten/emcc -E  conftest.c
clang: warning: argument unused during compilation: '-nostdinc++'
conftest.c:11:10: fatal error: 'ac_nonexistent.h' file not found
#include <ac_nonexistent.h>
         ^
1 error generated.
configure:4171: $? = 1
configure: failed program was:
| /* confdefs.h */
| #define PACKAGE_NAME "libgpg-error"
| #define PACKAGE_TARNAME "libgpg-error"
| #define PACKAGE_VERSION "1.11"
| #define PACKAGE_STRING "libgpg-error 1.11"
| #define PACKAGE_BUGREPORT "http://bugs.gnupg.org"
| #define PACKAGE_URL ""
| #define PACKAGE "libgpg-error"
| #define VERSION "1.11"
| /* end confdefs.h.  */
| #include <ac_nonexistent.h>
configure:4203: checking for gawk
configure:4230: result: mawk
configure:4284: checking for ar
configure:4311: result: /home/manuel/lib/emscripten/emar
configure:4335: checking for grep that handles long lines and -e
configure:4393: result: /bin/grep
configure:4398: checking for egrep
configure:4460: result: /bin/grep -E
configure:4465: checking for ANSI C header files
configure:4485: /home/manuel/lib/emscripten/emcc -c   conftest.c >&5
clang: warning: argument unused during compilation: '-nostdinc++'
configure:4485: $? = 0
clang: warning: argument unused during compilation: '-nostdinc++'
clang: warning: argument unused during compilation: '-nostdinc++'
configure:4558: /home/manuel/lib/emscripten/emcc -o conftest    conftest.c  >&5
clang: warning: argument unused during compilation: '-nostdinc++'
configure:4558: $? = 0
configure:4558: ./conftest
configure:4558: $? = 0
configure:4569: result: yes
configure:4582: checking for sys/types.h
configure:4582: /home/manuel/lib/emscripten/emcc -c   conftest.c >&5
clang: warning: argument unused during compilation: '-nostdinc++'
configure:4582: $? = 0
configure:4582: result: yes
configure:4582: checking for sys/stat.h
configure:4582: /home/manuel/lib/emscripten/emcc -c   conftest.c >&5
clang: warning: argument unused during compilation: '-nostdinc++'
configure:4582: $? = 0
configure:4582: result: yes
configure:4582: checking for stdlib.h
configure:4582: /home/manuel/lib/emscripten/emcc -c   conftest.c >&5
clang: warning: argument unused during compilation: '-nostdinc++'
configure:4582: $? = 0
configure:4582: result: yes
configure:4582: checking for string.h
configure:4582: /home/manuel/lib/emscripten/emcc -c   conftest.c >&5
clang: warning: argument unused during compilation: '-nostdinc++'
configure:4582: $? = 0
configure:4582: result: yes
configure:4582: checking for memory.h
configure:4582: /home/manuel/lib/emscripten/emcc -c   conftest.c >&5
clang: warning: argument unused during compilation: '-nostdinc++'
configure:4582: $? = 0
configure:4582: result: yes
configure:4582: checking for strings.h
configure:4582: /home/manuel/lib/emscripten/emcc -c   conftest.c >&5
clang: warning: argument unused during compilation: '-nostdinc++'
configure:4582: $? = 0
configure:4582: result: yes
configure:4582: checking for inttypes.h
configure:4582: /home/manuel/lib/emscripten/emcc -c   conftest.c >&5
clang: warning: argument unused during compilation: '-nostdinc++'
configure:4582: $? = 0
configure:4582: result: yes
configure:4582: checking for stdint.h
configure:4582: /home/manuel/lib/emscripten/emcc -c   conftest.c >&5
clang: warning: argument unused during compilation: '-nostdinc++'
configure:4582: $? = 0
configure:4582: result: yes
configure:4582: checking for unistd.h
configure:4582: /home/manuel/lib/emscripten/emcc -c   conftest.c >&5
clang: warning: argument unused during compilation: '-nostdinc++'
configure:4582: $? = 0
configure:4582: result: yes
configure:4595: checking minix/config.h usability
configure:4595: /home/manuel/lib/emscripten/emcc -c   conftest.c >&5
clang: warning: argument unused during compilation: '-nostdinc++'
conftest.c:54:10: fatal error: 'minix/config.h' file not found
#include <minix/config.h>
         ^
1 error generated.
configure:4595: $? = 1
configure: failed program was:
| /* confdefs.h */
| #define PACKAGE_NAME "libgpg-error"
| #define PACKAGE_TARNAME "libgpg-error"
| #define PACKAGE_VERSION "1.11"
| #define PACKAGE_STRING "libgpg-error 1.11"
| #define PACKAGE_BUGREPORT "http://bugs.gnupg.org"
| #define PACKAGE_URL ""
| #define PACKAGE "libgpg-error"
| #define VERSION "1.11"
| #define STDC_HEADERS 1
| #define HAVE_SYS_TYPES_H 1
| #define HAVE_SYS_STAT_H 1
| #define HAVE_STDLIB_H 1
| #define HAVE_STRING_H 1
| #define HAVE_MEMORY_H 1
| #define HAVE_STRINGS_H 1
| #define HAVE_INTTYPES_H 1
| #define HAVE_STDINT_H 1
| #define HAVE_UNISTD_H 1
| /* end confdefs.h.  */
| #include <stdio.h>
| #ifdef HAVE_SYS_TYPES_H
| # include <sys/types.h>
| #endif
| #ifdef HAVE_SYS_STAT_H
| # include <sys/stat.h>
| #endif
| #ifdef STDC_HEADERS
| # include <stdlib.h>
| # include <stddef.h>
| #else
| # ifdef HAVE_STDLIB_H
| #  include <stdlib.h>
| # endif
| #endif
| #ifdef HAVE_STRING_H
| # if !defined STDC_HEADERS && defined HAVE_MEMORY_H
| #  include <memory.h>
| # endif
| # include <string.h>
| #endif
| #ifdef HAVE_STRINGS_H
| # include <strings.h>
| #endif
| #ifdef HAVE_INTTYPES_H
| # include <inttypes.h>
| #endif
| #ifdef HAVE_STDINT_H
| # include <stdint.h>
| #endif
| #ifdef HAVE_UNISTD_H
| # include <unistd.h>
| #endif
| #include <minix/config.h>
configure:4595: result: no
configure:4595: checking minix/config.h presence
configure:4595: /home/manuel/lib/emscripten/emcc -E  conftest.c
clang: warning: argument unused during compilation: '-nostdinc++'
conftest.c:21:10: fatal error: 'minix/config.h' file not found
#include <minix/config.h>
         ^
1 error generated.
configure:4595: $? = 1
configure: failed program was:
| /* confdefs.h */
| #define PACKAGE_NAME "libgpg-error"
| #define PACKAGE_TARNAME "libgpg-error"
| #define PACKAGE_VERSION "1.11"
| #define PACKAGE_STRING "libgpg-error 1.11"
| #define PACKAGE_BUGREPORT "http://bugs.gnupg.org"
| #define PACKAGE_URL ""
| #define PACKAGE "libgpg-error"
| #define VERSION "1.11"
| #define STDC_HEADERS 1
| #define HAVE_SYS_TYPES_H 1
| #define HAVE_SYS_STAT_H 1
| #define HAVE_STDLIB_H 1
| #define HAVE_STRING_H 1
| #define HAVE_MEMORY_H 1
| #define HAVE_STRINGS_H 1
| #define HAVE_INTTYPES_H 1
| #define HAVE_STDINT_H 1
| #define HAVE_UNISTD_H 1
| /* end confdefs.h.  */
| #include <minix/config.h>
configure:4595: result: no
configure:4595: checking for minix/config.h
configure:4595: result: no
configure:4616: checking whether it is safe to define __EXTENSIONS__
configure:4634: /home/manuel/lib/emscripten/emcc -c   conftest.c >&5
clang: warning: argument unused during compilation: '-nostdinc++'
configure:4634: $? = 0
configure:4641: result: yes
configure:4704: checking how to print strings
configure:4731: result: printf
configure:4752: checking for a sed that does not truncate output
configure:4816: result: /bin/sed
configure:4834: checking for fgrep
configure:4896: result: /bin/grep -F
configure:4931: checking for ld used by /home/manuel/lib/emscripten/emcc
ERROR    emcc: [31mno input files
note that input files without a known suffix are ignored, make sure your input files end with one of: ('.c', '.cpp', '.cxx', '.cc', '.bc', '.o', '.obj', '.dylib', '.so', '.dll', '.a', '.ll')[0m
configure:4998: result: /home/manuel/lib/emscripten/emcc
configure:5005: checking if the linker (/home/manuel/lib/emscripten/emcc) is GNU ld
configure:5020: result: yes
configure:5032: checking for BSD- or MS-compatible name lister (nm)
configure:5081: result: /usr/bin/nm -B
configure:5211: checking the name lister (/usr/bin/nm -B) interface
configure:5218: /home/manuel/lib/emscripten/emcc -c   conftest.c >&5
clang: warning: argument unused during compilation: '-nostdinc++'
configure:5221: /usr/bin/nm -B "conftest.o"
configure:5224: output
00000000 B some_variable
configure:5231: result: BSD nm
configure:5234: checking whether ln -s works
configure:5238: result: yes
configure:5246: checking the maximum length of command line arguments
configure:5376: result: 805306365
configure:5393: checking whether the shell understands some XSI constructs
configure:5403: result: yes
configure:5407: checking whether the shell understands "+="
configure:5413: result: yes
configure:5448: checking how to convert i686-pc-linux-gnu file names to i686-pc-linux-gnu format
configure:5488: result: func_convert_file_noop
configure:5495: checking how to convert i686-pc-linux-gnu file names to toolchain format
configure:5515: result: func_convert_file_noop
configure:5522: checking for /home/manuel/lib/emscripten/emcc option to reload object files
configure:5529: result: -r
configure:5603: checking for objdump
configure:5619: found /usr/bin/objdump
configure:5630: result: objdump
configure:5659: checking how to recognize dependent libraries
configure:5861: result: pass_all
configure:5946: checking for dlltool
configure:5976: result: no
configure:6003: checking how to associate runtime and link libraries
configure:6030: result: printf %s\n
configure:6154: checking for archiver @FILE support
configure:6171: /home/manuel/lib/emscripten/emcc -c   conftest.c >&5
clang: warning: argument unused during compilation: '-nostdinc++'
configure:6171: $? = 0
configure:6174: /home/manuel/lib/emscripten/emar cru libconftest.a @conftest.lst >&5
configure:6177: $? = 0
configure:6182: /home/manuel/lib/emscripten/emar cru libconftest.a @conftest.lst >&5
/home/manuel/lib/clang+llvm-3.2-x86-linux-ubuntu-12.04/bin/llvm-ar: File does not exist: conftest.o

configure:6185: $? = 0
configure:6197: result: no
configure:6255: checking for strip
configure:6271: found /usr/bin/strip
configure:6282: result: strip
configure:6354: checking for ranlib
configure:6381: result: /home/manuel/lib/emscripten/emranlib
configure:6483: checking command to parse /usr/bin/nm -B output from /home/manuel/lib/emscripten/emcc object
configure:6603: /home/manuel/lib/emscripten/emcc -c   conftest.c >&5
clang: warning: argument unused during compilation: '-nostdinc++'
configure:6606: $? = 0
configure:6610: /usr/bin/nm -B conftest.o \| sed -n -e 's/^.*[ ]\([ABCDGIRSTW][ABCDGIRSTW]*\)[ ][ ]*\([_A-Za-z][_A-Za-z0-9]*\)$/\1 \2 \2/p' | sed '/ __gnu_lto/d' \> conftest.nm
configure:6613: $? = 0
configure:6679: /home/manuel/lib/emscripten/emcc -o conftest    conftest.c conftstm.o >&5
clang: warning: argument unused during compilation: '-nostdinc++'
configure:6682: $? = 0
configure:6720: result: ok
configure:6757: checking for sysroot
configure:6787: result: no
configure:7043: checking for mt
configure:7059: found /bin/mt
configure:7070: result: mt
configure:7093: checking if mt is a manifest tool
configure:7099: mt '-?'
configure:7107: result: no
configure:7746: checking for dlfcn.h
configure:7746: /home/manuel/lib/emscripten/emcc -c   conftest.c >&5
clang: warning: argument unused during compilation: '-nostdinc++'
configure:7746: $? = 0
configure:7746: result: yes
configure:8249: checking for objdir
configure:8264: result: .libs
configure:8535: checking if /home/manuel/lib/emscripten/emcc supports -fno-rtti -fno-exceptions
configure:8553: /home/manuel/lib/emscripten/emcc -c   -fno-rtti -fno-exceptions conftest.c >&5
clang: warning: argument unused during compilation: '-nostdinc++'
configure:8557: $? = 0
configure:8570: result: yes
configure:8897: checking for /home/manuel/lib/emscripten/emcc option to produce PIC
configure:8904: result: -fPIC -DPIC
configure:8912: checking if /home/manuel/lib/emscripten/emcc PIC flag -fPIC -DPIC works
configure:8930: /home/manuel/lib/emscripten/emcc -c   -fPIC -DPIC -DPIC conftest.c >&5
clang: warning: argument unused during compilation: '-nostdinc++'
configure:8934: $? = 0
configure:8947: result: yes
configure:8976: checking if /home/manuel/lib/emscripten/emcc static flag -static works
clang: warning: argument unused during compilation: '-nostdinc++'
configure:9004: result: yes
configure:9019: checking if /home/manuel/lib/emscripten/emcc supports -c -o file.o
configure:9040: /home/manuel/lib/emscripten/emcc -c   -o out/conftest2.o conftest.c >&5
clang: warning: argument unused during compilation: '-nostdinc++'
configure:9044: $? = 0
configure:9066: result: yes
configure:9074: checking if /home/manuel/lib/emscripten/emcc supports -c -o file.o
configure:9121: result: yes
configure:9154: checking whether the /home/manuel/lib/emscripten/emcc linker (/home/manuel/lib/emscripten/emcc) supports shared libraries
configure:10311: result: yes
configure:10348: checking whether -lc should be explicitly linked in
configure:10356: /home/manuel/lib/emscripten/emcc -c   conftest.c >&5
clang: warning: argument unused during compilation: '-nostdinc++'
configure:10359: $? = 0
configure:10374: /home/manuel/lib/emscripten/emcc -shared  -fPIC -DPIC conftest.o  -v -Wl,-soname -Wl,conftest -o conftest 2\>\&1 \| /bin/grep  -lc  \>/dev/null 2\>\&1
configure:10377: $? = 1
configure:10391: result: yes
configure:10551: checking dynamic linker characteristics
configure:11062: /home/manuel/lib/emscripten/emcc -o conftest    -Wl,-rpath -Wl,/foo conftest.c  >&5
clang: warning: argument unused during compilation: '-nostdinc++'
configure:11062: $? = 0
configure:11296: result: GNU/Linux ld.so
configure:11403: checking how to hardcode library paths into programs
configure:11428: result: immediate
configure:11968: checking whether stripping libraries is possible
configure:11973: result: yes
configure:12008: checking if libtool supports shared libraries
configure:12010: result: yes
configure:12013: checking whether to build shared libraries
configure:12034: result: yes
configure:12037: checking whether to build static libraries
configure:12041: result: no
configure:12121: checking for windres
configure:12151: result: no
configure:12258: checking for cc for build
configure:12265: result: /home/manuel/lib/emscripten/emcc
configure:12297: checking whether NLS is requested
configure:12306: result: yes
configure:12347: checking for msgfmt
configure: trying /usr/bin/msgfmt...
0 translated messages.
configure:12379: result: /usr/bin/msgfmt
configure:12388: checking for gmsgfmt
configure:12419: result: /usr/bin/msgfmt
configure:12470: checking for xgettext
configure: trying /usr/bin/xgettext...
/usr/bin/xgettext: warning: file `/dev/null' extension `' is unknown; will try C
configure:12502: result: /usr/bin/xgettext
configure:12548: checking for msgmerge
configure: trying /usr/bin/msgmerge...
configure:12579: result: /usr/bin/msgmerge
configure:12636: checking for ld used by GCC
ERROR    emcc: [31mno input files
note that input files without a known suffix are ignored, make sure your input files end with one of: ('.c', '.cpp', '.cxx', '.cc', '.bc', '.o', '.obj', '.dylib', '.so', '.dll', '.a', '.ll')[0m
configure:12700: result: /home/manuel/lib/emscripten/emcc
configure:12707: checking if the linker (/home/manuel/lib/emscripten/emcc) is GNU ld
configure:12720: result: yes
configure:12727: checking for shared library run path origin
configure:12740: result: done
configure:13241: checking for CFPreferencesCopyAppValue
configure:13259: /home/manuel/lib/emscripten/emcc -o conftest    conftest.c  -Wl,-framework -Wl,CoreFoundation >&5
clang: warning: argument unused during compilation: '-nostdinc++'
conftest.c:28:10: fatal error: 'CoreFoundation/CFPreferences.h' file not found
#include <CoreFoundation/CFPreferences.h>
         ^
1 error generated.
configure:13259: $? = 1
configure: failed program was:
| /* confdefs.h */
| #define PACKAGE_NAME "libgpg-error"
| #define PACKAGE_TARNAME "libgpg-error"
| #define PACKAGE_VERSION "1.11"
| #define PACKAGE_STRING "libgpg-error 1.11"
| #define PACKAGE_BUGREPORT "http://bugs.gnupg.org"
| #define PACKAGE_URL ""
| #define PACKAGE "libgpg-error"
| #define VERSION "1.11"
| #define STDC_HEADERS 1
| #define HAVE_SYS_TYPES_H 1
| #define HAVE_SYS_STAT_H 1
| #define HAVE_STDLIB_H 1
| #define HAVE_STRING_H 1
| #define HAVE_MEMORY_H 1
| #define HAVE_STRINGS_H 1
| #define HAVE_INTTYPES_H 1
| #define HAVE_STDINT_H 1
| #define HAVE_UNISTD_H 1
| #define __EXTENSIONS__ 1
| #define _ALL_SOURCE 1
| #define _GNU_SOURCE 1
| #define _POSIX_PTHREAD_SEMANTICS 1
| #define _TANDEM_SOURCE 1
| #define HAVE_DLFCN_H 1
| #define LT_OBJDIR ".libs/"
| /* end confdefs.h.  */
| #include <CoreFoundation/CFPreferences.h>
| int
| main ()
| {
| CFPreferencesCopyAppValue(NULL, NULL)
|   ;
|   return 0;
| }
configure:13268: result: no
configure:13275: checking for CFLocaleCopyCurrent
configure:13293: /home/manuel/lib/emscripten/emcc -o conftest    conftest.c  -Wl,-framework -Wl,CoreFoundation >&5
clang: warning: argument unused during compilation: '-nostdinc++'
conftest.c:28:10: fatal error: 'CoreFoundation/CFLocale.h' file not found
#include <CoreFoundation/CFLocale.h>
         ^
1 error generated.
configure:13293: $? = 1
configure: failed program was:
| /* confdefs.h */
| #define PACKAGE_NAME "libgpg-error"
| #define PACKAGE_TARNAME "libgpg-error"
| #define PACKAGE_VERSION "1.11"
| #define PACKAGE_STRING "libgpg-error 1.11"
| #define PACKAGE_BUGREPORT "http://bugs.gnupg.org"
| #define PACKAGE_URL ""
| #define PACKAGE "libgpg-error"
| #define VERSION "1.11"
| #define STDC_HEADERS 1
| #define HAVE_SYS_TYPES_H 1
| #define HAVE_SYS_STAT_H 1
| #define HAVE_STDLIB_H 1
| #define HAVE_STRING_H 1
| #define HAVE_MEMORY_H 1
| #define HAVE_STRINGS_H 1
| #define HAVE_INTTYPES_H 1
| #define HAVE_STDINT_H 1
| #define HAVE_UNISTD_H 1
| #define __EXTENSIONS__ 1
| #define _ALL_SOURCE 1
| #define _GNU_SOURCE 1
| #define _POSIX_PTHREAD_SEMANTICS 1
| #define _TANDEM_SOURCE 1
| #define HAVE_DLFCN_H 1
| #define LT_OBJDIR ".libs/"
| /* end confdefs.h.  */
| #include <CoreFoundation/CFLocale.h>
| int
| main ()
| {
| CFLocaleCopyCurrent();
|   ;
|   return 0;
| }
configure:13302: result: no
configure:13351: checking for GNU gettext in libc
configure:13371: /home/manuel/lib/emscripten/emcc -o conftest    conftest.c  >&5
clang: warning: argument unused during compilation: '-nostdinc++'
conftest.c:28:10: fatal error: 'libintl.h' file not found
#include <libintl.h>
         ^
1 error generated.
configure:13371: $? = 1
configure: failed program was:
| /* confdefs.h */
| #define PACKAGE_NAME "libgpg-error"
| #define PACKAGE_TARNAME "libgpg-error"
| #define PACKAGE_VERSION "1.11"
| #define PACKAGE_STRING "libgpg-error 1.11"
| #define PACKAGE_BUGREPORT "http://bugs.gnupg.org"
| #define PACKAGE_URL ""
| #define PACKAGE "libgpg-error"
| #define VERSION "1.11"
| #define STDC_HEADERS 1
| #define HAVE_SYS_TYPES_H 1
| #define HAVE_SYS_STAT_H 1
| #define HAVE_STDLIB_H 1
| #define HAVE_STRING_H 1
| #define HAVE_MEMORY_H 1
| #define HAVE_STRINGS_H 1
| #define HAVE_INTTYPES_H 1
| #define HAVE_STDINT_H 1
| #define HAVE_UNISTD_H 1
| #define __EXTENSIONS__ 1
| #define _ALL_SOURCE 1
| #define _GNU_SOURCE 1
| #define _POSIX_PTHREAD_SEMANTICS 1
| #define _TANDEM_SOURCE 1
| #define HAVE_DLFCN_H 1
| #define LT_OBJDIR ".libs/"
| /* end confdefs.h.  */
| #include <libintl.h>
| 
| extern int _nl_msg_cat_cntr;
| extern int *_nl_domain_bindings;
| int
| main ()
| {
| bindtextdomain ("", "");
| return * gettext ("") + _nl_msg_cat_cntr + *_nl_domain_bindings
|   ;
|   return 0;
| }
configure:13380: result: no
configure:13414: checking for iconv
configure:13436: /home/manuel/lib/emscripten/emcc -o conftest    conftest.c  >&5
clang: warning: argument unused during compilation: '-nostdinc++'
configure:13436: $? = 0
configure:13468: result: yes
configure:13471: checking for working iconv
configure:13547: /home/manuel/lib/emscripten/emcc -o conftest    conftest.c  >&5
clang: warning: argument unused during compilation: '-nostdinc++'
configure:13547: $? = 0
configure:13547: ./conftest
configure:13547: $? = 0
configure:13559: result: yes
configure:14022: checking for GNU gettext in libintl
configure:14050: /home/manuel/lib/emscripten/emcc -o conftest     conftest.c  -lintl >&5
clang: warning: argument unused during compilation: '-nostdinc++'
conftest.c:29:10: fatal error: 'libintl.h' file not found
#include <libintl.h>
         ^
1 error generated.
configure:14050: $? = 1
configure: failed program was:
| /* confdefs.h */
| #define PACKAGE_NAME "libgpg-error"
| #define PACKAGE_TARNAME "libgpg-error"
| #define PACKAGE_VERSION "1.11"
| #define PACKAGE_STRING "libgpg-error 1.11"
| #define PACKAGE_BUGREPORT "http://bugs.gnupg.org"
| #define PACKAGE_URL ""
| #define PACKAGE "libgpg-error"
| #define VERSION "1.11"
| #define STDC_HEADERS 1
| #define HAVE_SYS_TYPES_H 1
| #define HAVE_SYS_STAT_H 1
| #define HAVE_STDLIB_H 1
| #define HAVE_STRING_H 1
| #define HAVE_MEMORY_H 1
| #define HAVE_STRINGS_H 1
| #define HAVE_INTTYPES_H 1
| #define HAVE_STDINT_H 1
| #define HAVE_UNISTD_H 1
| #define __EXTENSIONS__ 1
| #define _ALL_SOURCE 1
| #define _GNU_SOURCE 1
| #define _POSIX_PTHREAD_SEMANTICS 1
| #define _TANDEM_SOURCE 1
| #define HAVE_DLFCN_H 1
| #define LT_OBJDIR ".libs/"
| #define HAVE_ICONV 1
| /* end confdefs.h.  */
| #include <libintl.h>
| 
| extern int _nl_msg_cat_cntr;
| extern
| #ifdef __cplusplus
| "C"
| #endif
| const char *_nl_expand_alias (const char *);
| int
| main ()
| {
| bindtextdomain ("", "");
| return * gettext ("") + _nl_msg_cat_cntr + *_nl_expand_alias ("")
|   ;
|   return 0;
| }
configure:14091: result: no
configure:14126: checking whether to use NLS
configure:14128: result: no
configure:14201: checking for ANSI C header files
configure:14305: result: yes
configure:14316: checking for stdlib.h
configure:14316: result: yes
configure:14316: checking locale.h usability
configure:14316: /home/manuel/lib/emscripten/emcc -c   conftest.c >&5
clang: warning: argument unused during compilation: '-nostdinc++'
configure:14316: $? = 0
configure:14316: result: yes
configure:14316: checking locale.h presence
configure:14316: /home/manuel/lib/emscripten/emcc -E  conftest.c
clang: warning: argument unused during compilation: '-nostdinc++'
configure:14316: $? = 0
configure:14316: result: yes
configure:14316: checking for locale.h
configure:14316: result: yes
configure:14326: checking whether strerror_r is declared
configure:14326: /home/manuel/lib/emscripten/emcc -c   conftest.c >&5
clang: warning: argument unused during compilation: '-nostdinc++'
configure:14326: $? = 0
configure:14326: result: yes
configure:14339: checking for strerror_r
configure:14339: /home/manuel/lib/emscripten/emcc -o conftest    conftest.c  >&5
clang: warning: argument unused during compilation: '-nostdinc++'
configure:14339: $? = 0
configure:14339: result: yes
configure:14348: checking whether strerror_r returns char *
configure:14372: /home/manuel/lib/emscripten/emcc -c   conftest.c >&5
clang: warning: argument unused during compilation: '-nostdinc++'
configure:14372: $? = 0
configure:14410: result: yes
configure:14424: checking for strerror_r
configure:14424: result: yes
configure:14436: checking for an ANSI C-conforming const
configure:14502: /home/manuel/lib/emscripten/emcc -c   conftest.c >&5
clang: warning: argument unused during compilation: '-nostdinc++'
configure:14502: $? = 0
configure:14509: result: yes
configure:14776: creating ./config.status

## ---------------- ##
## Cache variables. ##
## ---------------- ##

ac_cv_build=i686-pc-linux-gnu
ac_cv_c_compiler_gnu=yes
ac_cv_c_const=yes
ac_cv_env_CC_FOR_BUILD_set=
ac_cv_env_CC_FOR_BUILD_value=
ac_cv_env_CC_set=set
ac_cv_env_CC_value=/home/manuel/lib/emscripten/emcc
ac_cv_env_CFLAGS_set=set
ac_cv_env_CFLAGS_value=
ac_cv_env_CPPFLAGS_set=
ac_cv_env_CPPFLAGS_value=
ac_cv_env_CPP_set=
ac_cv_env_CPP_value=
ac_cv_env_LDFLAGS_set=
ac_cv_env_LDFLAGS_value=
ac_cv_env_LIBS_set=
ac_cv_env_LIBS_value=
ac_cv_env_build_alias_set=
ac_cv_env_build_alias_value=
ac_cv_env_host_alias_set=
ac_cv_env_host_alias_value=
ac_cv_env_target_alias_set=
ac_cv_env_target_alias_value=
ac_cv_func_strerror_r=yes
ac_cv_func_strerror_r_char_p=yes
ac_cv_have_decl_strerror_r=yes
ac_cv_header_dlfcn_h=yes
ac_cv_header_inttypes_h=yes
ac_cv_header_locale_h=yes
ac_cv_header_memory_h=yes
ac_cv_header_minix_config_h=no
ac_cv_header_stdc=yes
ac_cv_header_stdint_h=yes
ac_cv_header_stdlib_h=yes
ac_cv_header_string_h=yes
ac_cv_header_strings_h=yes
ac_cv_header_sys_stat_h=yes
ac_cv_header_sys_types_h=yes
ac_cv_header_unistd_h=yes
ac_cv_host=i686-pc-linux-gnu
ac_cv_objext=o
ac_cv_path_EGREP='/bin/grep -E'
ac_cv_path_FGREP='/bin/grep -F'
ac_cv_path_GMSGFMT=/usr/bin/msgfmt
ac_cv_path_GREP=/bin/grep
ac_cv_path_MSGFMT=/usr/bin/msgfmt
ac_cv_path_MSGMERGE=/usr/bin/msgmerge
ac_cv_path_SED=/bin/sed
ac_cv_path_XGETTEXT=/usr/bin/xgettext
ac_cv_path_install='/usr/bin/install -c'
ac_cv_path_mkdir=/bin/mkdir
ac_cv_prog_AWK=mawk
ac_cv_prog_CPP='/home/manuel/lib/emscripten/emcc -E'
ac_cv_prog_ac_ct_AR=/home/manuel/lib/emscripten/emar
ac_cv_prog_ac_ct_CC=/home/manuel/lib/emscripten/emcc
ac_cv_prog_ac_ct_MANIFEST_TOOL=mt
ac_cv_prog_ac_ct_OBJDUMP=objdump
ac_cv_prog_ac_ct_RANLIB=/home/manuel/lib/emscripten/emranlib
ac_cv_prog_ac_ct_STRIP=strip
ac_cv_prog_cc__home_manuel_lib_emscripten_emcc_c_o=yes
ac_cv_prog_cc_c89=
ac_cv_prog_cc_g=yes
ac_cv_prog_make_make_set=yes
ac_cv_safe_to_define___extensions__=yes
acl_cv_hardcode_direct=no
acl_cv_hardcode_libdir_flag_spec='${wl}-rpath ${wl}$libdir'
acl_cv_hardcode_libdir_separator=
acl_cv_hardcode_minus_L=no
acl_cv_libext=a
acl_cv_libname_spec='lib$name'
acl_cv_library_names_spec='$libname$shrext'
acl_cv_path_LD=/home/manuel/lib/emscripten/emcc
acl_cv_prog_gnu_ld=yes
acl_cv_rpath=done
acl_cv_shlibext=so
acl_cv_wl=-Wl,
am_cv_CC_dependencies_compiler_type=gcc3
am_cv_func_iconv=yes
am_cv_func_iconv_works=yes
am_cv_lib_iconv=no
gt_cv_func_CFLocaleCopyCurrent=no
gt_cv_func_CFPreferencesCopyAppValue=no
gt_cv_func_gnugettext1_libc=no
gt_cv_func_gnugettext1_libintl=no
lt_cv_ar_at_file=no
lt_cv_archive_cmds_need_lc=yes
lt_cv_deplibs_check_method=pass_all
lt_cv_file_magic_cmd='$MAGIC_CMD'
lt_cv_file_magic_test_file=
lt_cv_ld_reload_flag=-r
lt_cv_nm_interface='BSD nm'
lt_cv_objdir=.libs
lt_cv_path_LD=/home/manuel/lib/emscripten/emcc
lt_cv_path_NM='/usr/bin/nm -B'
lt_cv_path_mainfest_tool=no
lt_cv_prog_compiler_c_o=yes
lt_cv_prog_compiler_c_o_RC=yes
lt_cv_prog_compiler_pic='-fPIC -DPIC'
lt_cv_prog_compiler_pic_works=yes
lt_cv_prog_compiler_rtti_exceptions=yes
lt_cv_prog_compiler_static_works=yes
lt_cv_prog_gnu_ld=yes
lt_cv_sharedlib_from_linklib_cmd='printf %s\n'
lt_cv_shlibpath_overrides_runpath=no
lt_cv_sys_global_symbol_pipe='sed -n -e '\''s/^.*[	 ]\([ABCDGIRSTW][ABCDGIRSTW]*\)[	 ][	 ]*\([_A-Za-z][_A-Za-z0-9]*\)$/\1 \2 \2/p'\'' | sed '\''/ __gnu_lto/d'\'''
lt_cv_sys_global_symbol_to_c_name_address='sed -n -e '\''s/^: \([^ ]*\)[ ]*$/  {\"\1\", (void *) 0},/p'\'' -e '\''s/^[ABCDGIRSTW]* \([^ ]*\) \([^ ]*\)$/  {"\2", (void *) \&\2},/p'\'''
lt_cv_sys_global_symbol_to_c_name_address_lib_prefix='sed -n -e '\''s/^: \([^ ]*\)[ ]*$/  {\"\1\", (void *) 0},/p'\'' -e '\''s/^[ABCDGIRSTW]* \([^ ]*\) \(lib[^ ]*\)$/  {"\2", (void *) \&\2},/p'\'' -e '\''s/^[ABCDGIRSTW]* \([^ ]*\) \([^ ]*\)$/  {"lib\2", (void *) \&\2},/p'\'''
lt_cv_sys_global_symbol_to_cdecl='sed -n -e '\''s/^T .* \(.*\)$/extern int \1();/p'\'' -e '\''s/^[ABCDGIRSTW]* .* \(.*\)$/extern char \1;/p'\'''
lt_cv_sys_max_cmd_len=805306365
lt_cv_to_host_file_cmd=func_convert_file_noop
lt_cv_to_tool_file_cmd=func_convert_file_noop

## ----------------- ##
## Output variables. ##
## ----------------- ##

ACLOCAL='${SHELL} /home/manuel/Projekte/unix-toolbox.js/modules/gnupg/libgpg-error/src/missing --run aclocal-1.11'
AMDEPBACKSLASH='\'
AMDEP_FALSE='#'
AMDEP_TRUE=''
AMTAR='$${TAR-tar}'
AR='/home/manuel/lib/emscripten/emar'
AS='as'
AUTOCONF='${SHELL} /home/manuel/Projekte/unix-toolbox.js/modules/gnupg/libgpg-error/src/missing --run autoconf'
AUTOHEADER='${SHELL} /home/manuel/Projekte/unix-toolbox.js/modules/gnupg/libgpg-error/src/missing --run autoheader'
AUTOMAKE='${SHELL} /home/manuel/Projekte/unix-toolbox.js/modules/gnupg/libgpg-error/src/missing --run automake-1.11'
AWK='mawk'
BUILD_FILEVERSION='1,11,0,13159'
BUILD_REVISION='3367ff0'
BUILD_TIMESTAMP='2013-05-10T14:34+0000'
CC='/home/manuel/lib/emscripten/emcc'
CCDEPMODE='depmode=gcc3'
CC_FOR_BUILD='/home/manuel/lib/emscripten/emcc'
CFLAGS=''
CPP='/home/manuel/lib/emscripten/emcc -E'
CPPFLAGS=''
CYGPATH_W='echo'
DEFS='-DHAVE_CONFIG_H'
DEPDIR='.deps'
DLLTOOL='false'
DSYMUTIL=''
DUMPBIN=''
ECHO_C=''
ECHO_N='-n'
ECHO_T=''
EGREP='/bin/grep -E'
EXEEXT=''
FGREP='/bin/grep -F'
GETTEXT_MACRO_VERSION='0.17'
GMSGFMT='/usr/bin/msgfmt'
GMSGFMT_015='/usr/bin/msgfmt'
GPG_ERROR_CONFIG_CFLAGS=''
GPG_ERROR_CONFIG_HOST='i686-pc-linux-gnu'
GPG_ERROR_CONFIG_ISUBDIRAFTER=''
GPG_ERROR_CONFIG_LIBS='-lgpg-error'
GREP='/bin/grep'
HAVE_W32CE_SYSTEM_FALSE=''
HAVE_W32CE_SYSTEM_TRUE='#'
HAVE_W32_SYSTEM_FALSE=''
HAVE_W32_SYSTEM_TRUE='#'
HAVE_W64_SYSTEM_FALSE=''
HAVE_W64_SYSTEM_TRUE='#'
INSTALL_DATA='${INSTALL} -m 644'
INSTALL_PROGRAM='${INSTALL}'
INSTALL_SCRIPT='${INSTALL}'
INSTALL_STRIP_PROGRAM='$(install_sh) -c -s'
INTLLIBS=''
INTL_MACOSX_LIBS=''
LANGUAGES_SOME_FALSE='#'
LANGUAGES_SOME_TRUE=''
LD='/home/manuel/lib/emscripten/emcc'
LDFLAGS=''
LIBGPG_ERROR_LT_AGE='9'
LIBGPG_ERROR_LT_CURRENT='9'
LIBGPG_ERROR_LT_REVISION='0'
LIBICONV=''
LIBINTL=''
LIBOBJS=''
LIBS=''
LIBTOOL='$(SHELL) $(top_builddir)/libtool'
LIPO=''
LN_S='ln -s'
LTLIBICONV=''
LTLIBINTL=''
LTLIBOBJS=''
MAINT='#'
MAINTAINER_MODE_FALSE=''
MAINTAINER_MODE_TRUE='#'
MAKEINFO='${SHELL} /home/manuel/Projekte/unix-toolbox.js/modules/gnupg/libgpg-error/src/missing --run makeinfo'
MANIFEST_TOOL=':'
MKDIR_P='/bin/mkdir -p'
MSGFMT='/usr/bin/msgfmt'
MSGFMT_015='/usr/bin/msgfmt'
MSGMERGE='/usr/bin/msgmerge'
NM='/usr/bin/nm -B'
NMEDIT=''
OBJDUMP='objdump'
OBJEXT='o'
OTOOL64=''
OTOOL=''
PACKAGE='libgpg-error'
PACKAGE_BUGREPORT='http://bugs.gnupg.org'
PACKAGE_NAME='libgpg-error'
PACKAGE_STRING='libgpg-error 1.11'
PACKAGE_TARNAME='libgpg-error'
PACKAGE_URL=''
PACKAGE_VERSION='1.11'
PATH_SEPARATOR=':'
POSUB=''
RANLIB='/home/manuel/lib/emscripten/emranlib'
RC=''
SED='/bin/sed'
SET_MAKE=''
SHELL='/bin/bash'
STRIP='strip'
USE_NLS='no'
VERSION='1.11'
VERSION_NUMBER='0x010b00'
XGETTEXT='/usr/bin/xgettext'
XGETTEXT_015='/usr/bin/xgettext'
XGETTEXT_EXTRA_OPTIONS=''
ac_ct_AR='/home/manuel/lib/emscripten/emar'
ac_ct_CC='/home/manuel/lib/emscripten/emcc'
ac_ct_DUMPBIN=''
am__EXEEXT_FALSE=''
am__EXEEXT_TRUE='#'
am__fastdepCC_FALSE='#'
am__fastdepCC_TRUE=''
am__include='include'
am__isrc=''
am__leading_dot='.'
am__nodep='_no'
am__quote=''
am__tar='$${TAR-tar} chof - "$$tardir"'
am__untar='$${TAR-tar} xf -'
bindir='${exec_prefix}/bin'
build='i686-pc-linux-gnu'
build_alias=''
build_cpu='i686'
build_os='linux-gnu'
build_vendor='pc'
datadir='${datarootdir}'
datarootdir='${prefix}/share'
docdir='${datarootdir}/doc/${PACKAGE_TARNAME}'
dvidir='${docdir}'
exec_prefix='${prefix}'
host='i686-pc-linux-gnu'
host_alias=''
host_cpu='i686'
host_os='linux-gnu'
host_vendor='pc'
htmldir='${docdir}'
includedir='${prefix}/include'
infodir='${datarootdir}/info'
install_sh='${SHELL} /home/manuel/Projekte/unix-toolbox.js/modules/gnupg/libgpg-error/src/install-sh'
libdir='${exec_prefix}/lib'
libexecdir='${exec_prefix}/libexec'
localedir='${datarootdir}/locale'
localstatedir='${prefix}/var'
mandir='${datarootdir}/man'
mkdir_p='/bin/mkdir -p'
oldincludedir='/usr/include'
pdfdir='${docdir}'
prefix='/usr/local'
program_transform_name='s,x,x,'
psdir='${docdir}'
sbindir='${exec_prefix}/sbin'
sharedstatedir='${prefix}/com'
sysconfdir='${prefix}/etc'
target_alias=''

## ----------- ##
## confdefs.h. ##
## ----------- ##

/* confdefs.h */
#define PACKAGE_NAME "libgpg-error"
#define PACKAGE_TARNAME "libgpg-error"
#define PACKAGE_VERSION "1.11"
#define PACKAGE_STRING "libgpg-error 1.11"
#define PACKAGE_BUGREPORT "http://bugs.gnupg.org"
#define PACKAGE_URL ""
#define PACKAGE "libgpg-error"
#define VERSION "1.11"
#define STDC_HEADERS 1
#define HAVE_SYS_TYPES_H 1
#define HAVE_SYS_STAT_H 1
#define HAVE_STDLIB_H 1
#define HAVE_STRING_H 1
#define HAVE_MEMORY_H 1
#define HAVE_STRINGS_H 1
#define HAVE_INTTYPES_H 1
#define HAVE_STDINT_H 1
#define HAVE_UNISTD_H 1
#define __EXTENSIONS__ 1
#define _ALL_SOURCE 1
#define _GNU_SOURCE 1
#define _POSIX_PTHREAD_SEMANTICS 1
#define _TANDEM_SOURCE 1
#define HAVE_DLFCN_H 1
#define LT_OBJDIR ".libs/"
#define HAVE_ICONV 1
#define STDC_HEADERS 1
#define HAVE_STDLIB_H 1
#define HAVE_LOCALE_H 1
#define HAVE_DECL_STRERROR_R 1
#define HAVE_STRERROR_R 1
#define STRERROR_R_CHAR_P 1
#define BUILD_REVISION "3367ff0"
#define BUILD_TIMESTAMP "2013-05-10T14:34+0000"

configure: exit 0

## ---------------------- ##
## Running config.status. ##
## ---------------------- ##

This file was extended by libgpg-error config.status 1.11, which was
generated by GNU Autoconf 2.69.  Invocation command line was

  CONFIG_FILES    = 
  CONFIG_HEADERS  = 
  CONFIG_LINKS    = 
  CONFIG_COMMANDS = 
  $ ./config.status 

on canttouchthis

config.status:1194: creating Makefile
config.status:1194: creating po/Makefile.in
config.status:1194: creating m4/Makefile
config.status:1194: creating src/Makefile
config.status:1194: creating tests/Makefile
config.status:1194: creating lang/Makefile
config.status:1194: creating lang/cl/Makefile
config.status:1194: creating lang/cl/gpg-error.asd
config.status:1194: creating src/versioninfo.rc
config.status:1194: creating src/gpg-error-config
config.status:1194: creating config.h
config.status:1423: executing depfiles commands
config.status:1423: executing libtool commands
config.status:1423: executing po-directories commands
